TN:
SF:all.js
FNF:0
FNH:0
DA:1,1
DA:3,1
LF:2
LH:2
BRF:0
BRH:0
end_of_record
TN:
SF:input.js
FN:9,filterName
FNF:1
FNH:1
FNDA:4,filterName
DA:10,4
DA:11,1
DA:14,3
DA:15,0
DA:18,3
DA:19,1
DA:22,2
DA:23,1
DA:25,1
DA:26,0
DA:29,1
DA:32,1
LF:12
LH:10
BRDA:10,0,0,1
BRDA:10,0,1,3
BRDA:14,1,0,0
BRDA:14,1,1,3
BRDA:14,2,0,3
BRDA:14,2,1,3
BRDA:18,3,0,1
BRDA:18,3,1,2
BRDA:22,4,0,1
BRDA:22,4,1,1
BRDA:25,5,0,0
BRDA:25,5,1,1
BRF:12
BRH:10
end_of_record
TN:
SF:say.js
FN:1,sayHello
FNF:1
FNH:1
FNDA:1,sayHello
DA:2,1
DA:5,1
LF:2
LH:2
BRF:0
BRH:0
end_of_record
TN:
SF:sum.js
FN:9,(anonymous_0)
FN:9,(anonymous_1)
FNF:2
FNH:2
FNDA:5,(anonymous_0)
FNDA:17,(anonymous_1)
DA:9,17
DA:11,1
LF:2
LH:2
BRF:0
BRH:0
end_of_record
